2020-11-08 17:09:17,105 [myid:] - INFO  [main:QuorumPeerConfig@174] - Reading configuration from: C:\Users\86188\Documents\simple-rpc-framework\rpc-framework-example\src\main\resources\apache-zookeeper-3.6.2-bin\apache-zookeeper-3.6.2-bin\conf\zoo.cfg
2020-11-08 17:09:17,114 [myid:] - WARN  [main:VerifyingFileFactory@65] - \tmp\zookeeper is relative. Prepend .\ to indicate that you're sure!
2020-11-08 17:09:17,122 [myid:] - INFO  [main:QuorumPeerConfig@460] - clientPortAddress is 0.0.0.0:2181
2020-11-08 17:09:17,123 [myid:] - INFO  [main:QuorumPeerConfig@464] - secureClientPort is not set
2020-11-08 17:09:17,123 [myid:] - INFO  [main:QuorumPeerConfig@480] - observerMasterPort is not set
2020-11-08 17:09:17,123 [myid:] - INFO  [main:QuorumPeerConfig@497] - metricsProvider.className is org.apache.zookeeper.metrics.impl.DefaultMetricsProvider
2020-11-08 17:09:17,125 [myid:] - INFO  [main:DatadirCleanupManager@78] - autopurge.snapRetainCount set to 3
2020-11-08 17:09:17,125 [myid:] - INFO  [main:DatadirCleanupManager@79] - autopurge.purgeInterval set to 0
2020-11-08 17:09:17,125 [myid:] - INFO  [main:DatadirCleanupManager@101] - Purge task is not scheduled.
2020-11-08 17:09:17,125 [myid:] - WARN  [main:QuorumPeerMain@138] - Either no config or no quorum defined in config, running in standalone mode
2020-11-08 17:09:17,127 [myid:] - INFO  [main:ManagedUtil@44] - Log4j 1.2 jmx support found and enabled.
2020-11-08 17:09:17,133 [myid:] - INFO  [main:QuorumPeerConfig@174] - Reading configuration from: C:\Users\86188\Documents\simple-rpc-framework\rpc-framework-example\src\main\resources\apache-zookeeper-3.6.2-bin\apache-zookeeper-3.6.2-bin\conf\zoo.cfg
2020-11-08 17:09:17,134 [myid:] - WARN  [main:VerifyingFileFactory@65] - \tmp\zookeeper is relative. Prepend .\ to indicate that you're sure!
2020-11-08 17:09:17,134 [myid:] - INFO  [main:QuorumPeerConfig@460] - clientPortAddress is 0.0.0.0:2181
2020-11-08 17:09:17,134 [myid:] - INFO  [main:QuorumPeerConfig@464] - secureClientPort is not set
2020-11-08 17:09:17,134 [myid:] - INFO  [main:QuorumPeerConfig@480] - observerMasterPort is not set
2020-11-08 17:09:17,135 [myid:] - INFO  [main:QuorumPeerConfig@497] - metricsProvider.className is org.apache.zookeeper.metrics.impl.DefaultMetricsProvider
2020-11-08 17:09:17,135 [myid:] - INFO  [main:ZooKeeperServerMain@122] - Starting server
2020-11-08 17:09:17,147 [myid:] - INFO  [main:ServerMetrics@62] - ServerMetrics initialized with provider org.apache.zookeeper.metrics.impl.DefaultMetricsProvider@1134affc
2020-11-08 17:09:17,150 [myid:] - INFO  [main:FileTxnSnapLog@124] - zookeeper.snapshot.trust.empty : false
2020-11-08 17:09:17,157 [myid:] - INFO  [main:ZookeeperBanner@42] - 
2020-11-08 17:09:17,157 [myid:] - INFO  [main:ZookeeperBanner@42] -   ______                  _                                          
2020-11-08 17:09:17,157 [myid:] - INFO  [main:ZookeeperBanner@42] -  |___  /                 | |                                         
2020-11-08 17:09:17,157 [myid:] - INFO  [main:ZookeeperBanner@42] -     / /    ___     ___   | | __   ___    ___   _ __     ___   _ __   
2020-11-08 17:09:17,157 [myid:] - INFO  [main:ZookeeperBanner@42] -    / /    / _ \   / _ \  | |/ /  / _ \  / _ \ | '_ \   / _ \ | '__|
2020-11-08 17:09:17,157 [myid:] - INFO  [main:ZookeeperBanner@42] -   / /__  | (_) | | (_) | |   <  |  __/ |  __/ | |_) | |  __/ | |    
2020-11-08 17:09:17,157 [myid:] - INFO  [main:ZookeeperBanner@42] -  /_____|  \___/   \___/  |_|\_\  \___|  \___| | .__/   \___| |_|
2020-11-08 17:09:17,157 [myid:] - INFO  [main:ZookeeperBanner@42] -                                               | |                     
2020-11-08 17:09:17,157 [myid:] - INFO  [main:ZookeeperBanner@42] -                                               |_|                     
2020-11-08 17:09:17,158 [myid:] - INFO  [main:ZookeeperBanner@42] - 
2020-11-08 17:09:17,160 [myid:] - INFO  [main:Environment@98] - Server environment:zookeeper.version=3.6.2--803c7f1a12f85978cb049af5e4ef23bd8b688715, built on 09/04/2020 12:44 GMT
2020-11-08 17:09:17,160 [myid:] - INFO  [main:Environment@98] - Server environment:host.name=windows10.microdone.cn
2020-11-08 17:09:17,160 [myid:] - INFO  [main:Environment@98] - Server environment:java.version=1.8.0_261
2020-11-08 17:09:17,160 [myid:] - INFO  [main:Environment@98] - Server environment:java.vendor=Oracle Corporation
2020-11-08 17:09:17,160 [myid:] - INFO  [main:Environment@98] - Server environment:java.home=C:\Program Files\Java\jre1.8.0_261
2020-11-08 17:09:17,160 [myid:] - INFO  [main:Environment@98] - Server environment:java.class.path=C:\Users\86188\Documents\simple-rpc-framework\rpc-framework-example\src\main\resources\apache-zookeeper-3.6.2-bin\apache-zookeeper-3.6.2-bin\zookeeper-server\target\classes;C:\Users\86188\Documents\simple-rpc-framework\rpc-framework-example\src\main\resources\apache-zookeeper-3.6.2-bin\apache-zookeeper-3.6.2-bin\build\classes;C:\Users\86188\Documents\simple-rpc-framework\rpc-framework-example\src\main\resources\apache-zookeeper-3.6.2-bin\apache-zookeeper-3.6.2-bin\zookeeper-server\target\lib\*.jar;C:\Users\86188\Documents\simple-rpc-framework\rpc-framework-example\src\main\resources\apache-zookeeper-3.6.2-bin\apache-zookeeper-3.6.2-bin\build\lib\*.jar;C:\Users\86188\Documents\simple-rpc-framework\rpc-framework-example\src\main\resources\apache-zookeeper-3.6.2-bin\apache-zookeeper-3.6.2-bin\lib\zookeeper-prometheus-metrics-3.6.2.jar;C:\Users\86188\Documents\simple-rpc-framework\rpc-framework-example\src\main\resources\apache-zookeeper-3.6.2-bin\apache-zookeeper-3.6.2-bin\lib\zookeeper-jute-3.6.2.jar;C:\Users\86188\Documents\simple-rpc-framework\rpc-framework-example\src\main\resources\apache-zookeeper-3.6.2-bin\apache-zookeeper-3.6.2-bin\lib\zookeeper-3.6.2.jar;C:\Users\86188\Documents\simple-rpc-framework\rpc-framework-example\src\main\resources\apache-zookeeper-3.6.2-bin\apache-zookeeper-3.6.2-bin\lib\snappy-java-1.1.7.jar;C:\Users\86188\Documents\simple-rpc-framework\rpc-framework-example\src\main\resources\apache-zookeeper-3.6.2-bin\apache-zookeeper-3.6.2-bin\lib\slf4j-log4j12-1.7.25.jar;C:\Users\86188\Documents\simple-rpc-framework\rpc-framework-example\src\main\resources\apache-zookeeper-3.6.2-bin\apache-zookeeper-3.6.2-bin\lib\slf4j-api-1.7.25.jar;C:\Users\86188\Documents\simple-rpc-framework\rpc-framework-example\src\main\resources\apache-zookeeper-3.6.2-bin\apache-zookeeper-3.6.2-bin\lib\simpleclient-0.6.0.jar;C:\Users\86188\Documents\simple-rpc-framework\rpc-framework-example\src\main\resources\apache-zookeeper-3.6.2-bin\apache-zookeeper-3.6.2-bin\lib\simpleclient_servlet-0.6.0.jar;C:\Users\86188\Documents\simple-rpc-framework\rpc-framework-example\src\main\resources\apache-zookeeper-3.6.2-bin\apache-zookeeper-3.6.2-bin\lib\simpleclient_hotspot-0.6.0.jar;C:\Users\86188\Documents\simple-rpc-framework\rpc-framework-example\src\main\resources\apache-zookeeper-3.6.2-bin\apache-zookeeper-3.6.2-bin\lib\simpleclient_common-0.6.0.jar;C:\Users\86188\Documents\simple-rpc-framework\rpc-framework-example\src\main\resources\apache-zookeeper-3.6.2-bin\apache-zookeeper-3.6.2-bin\lib\netty-transport-native-unix-common-4.1.50.Final.jar;C:\Users\86188\Documents\simple-rpc-framework\rpc-framework-example\src\main\resources\apache-zookeeper-3.6.2-bin\apache-zookeeper-3.6.2-bin\lib\netty-transport-native-epoll-4.1.50.Final.jar;C:\Users\86188\Documents\simple-rpc-framework\rpc-framework-example\src\main\resources\apache-zookeeper-3.6.2-bin\apache-zookeeper-3.6.2-bin\lib\netty-transport-4.1.50.Final.jar;C:\Users\86188\Documents\simple-rpc-framework\rpc-framework-example\src\main\resources\apache-zookeeper-3.6.2-bin\apache-zookeeper-3.6.2-bin\lib\netty-resolver-4.1.50.Final.jar;C:\Users\86188\Documents\simple-rpc-framework\rpc-framework-example\src\main\resources\apache-zookeeper-3.6.2-bin\apache-zookeeper-3.6.2-bin\lib\netty-handler-4.1.50.Final.jar;C:\Users\86188\Documents\simple-rpc-framework\rpc-framework-example\src\main\resources\apache-zookeeper-3.6.2-bin\apache-zookeeper-3.6.2-bin\lib\netty-common-4.1.50.Final.jar;C:\Users\86188\Documents\simple-rpc-framework\rpc-framework-example\src\main\resources\apache-zookeeper-3.6.2-bin\apache-zookeeper-3.6.2-bin\lib\netty-codec-4.1.50.Final.jar;C:\Users\86188\Documents\simple-rpc-framework\rpc-framework-example\src\main\resources\apache-zookeeper-3.6.2-bin\apache-zookeeper-3.6.2-bin\lib\netty-buffer-4.1.50.Final.jar;C:\Users\86188\Documents\simple-rpc-framework\rpc-framework-example\src\main\resources\apache-zookeeper-3.6.2-bin\apache-zookeeper-3.6.2-bin\lib\metrics-core-3.2.5.jar;C:\Users\86188\Documents\simple-rpc-framework\rpc-framework-example\src\main\resources\apache-zookeeper-3.6.2-bin\apache-zookeeper-3.6.2-bin\lib\log4j-1.2.17.jar;C:\Users\86188\Documents\simple-rpc-framework\rpc-framework-example\src\main\resources\apache-zookeeper-3.6.2-bin\apache-zookeeper-3.6.2-bin\lib\json-simple-1.1.1.jar;C:\Users\86188\Documents\simple-rpc-framework\rpc-framework-example\src\main\resources\apache-zookeeper-3.6.2-bin\apache-zookeeper-3.6.2-bin\lib\jline-2.14.6.jar;C:\Users\86188\Documents\simple-rpc-framework\rpc-framework-example\src\main\resources\apache-zookeeper-3.6.2-bin\apache-zookeeper-3.6.2-bin\lib\jetty-util-9.4.24.v20191120.jar;C:\Users\86188\Documents\simple-rpc-framework\rpc-framework-example\src\main\resources\apache-zookeeper-3.6.2-bin\apache-zookeeper-3.6.2-bin\lib\jetty-servlet-9.4.24.v20191120.jar;C:\Users\86188\Documents\simple-rpc-framework\rpc-framework-example\src\main\resources\apache-zookeeper-3.6.2-bin\apache-zookeeper-3.6.2-bin\lib\jetty-server-9.4.24.v20191120.jar;C:\Users\86188\Documents\simple-rpc-framework\rpc-framework-example\src\main\resources\apache-zookeeper-3.6.2-bin\apache-zookeeper-3.6.2-bin\lib\jetty-security-9.4.24.v20191120.jar;C:\Users\86188\Documents\simple-rpc-framework\rpc-framework-example\src\main\resources\apache-zookeeper-3.6.2-bin\apache-zookeeper-3.6.2-bin\lib\jetty-io-9.4.24.v20191120.jar;C:\Users\86188\Documents\simple-rpc-framework\rpc-framework-example\src\main\resources\apache-zookeeper-3.6.2-bin\apache-zookeeper-3.6.2-bin\lib\jetty-http-9.4.24.v20191120.jar;C:\Users\86188\Documents\simple-rpc-framework\rpc-framework-example\src\main\resources\apache-zookeeper-3.6.2-bin\apache-zookeeper-3.6.2-bin\lib\javax.servlet-api-3.1.0.jar;C:\Users\86188\Documents\simple-rpc-framework\rpc-framework-example\src\main\resources\apache-zookeeper-3.6.2-bin\apache-zookeeper-3.6.2-bin\lib\jackson-databind-2.10.3.jar;C:\Users\86188\Documents\simple-rpc-framework\rpc-framework-example\src\main\resources\apache-zookeeper-3.6.2-bin\apache-zookeeper-3.6.2-bin\lib\jackson-core-2.10.3.jar;C:\Users\86188\Documents\simple-rpc-framework\rpc-framework-example\src\main\resources\apache-zookeeper-3.6.2-bin\apache-zookeeper-3.6.2-bin\lib\jackson-annotations-2.10.3.jar;C:\Users\86188\Documents\simple-rpc-framework\rpc-framework-example\src\main\resources\apache-zookeeper-3.6.2-bin\apache-zookeeper-3.6.2-bin\lib\commons-lang-2.6.jar;C:\Users\86188\Documents\simple-rpc-framework\rpc-framework-example\src\main\resources\apache-zookeeper-3.6.2-bin\apache-zookeeper-3.6.2-bin\lib\commons-cli-1.2.jar;C:\Users\86188\Documents\simple-rpc-framework\rpc-framework-example\src\main\resources\apache-zookeeper-3.6.2-bin\apache-zookeeper-3.6.2-bin\lib\audience-annotations-0.5.0.jar;C:\Users\86188\Documents\simple-rpc-framework\rpc-framework-example\src\main\resources\apache-zookeeper-3.6.2-bin\apache-zookeeper-3.6.2-bin\zookeeper-*.jar;C:\Users\86188\Documents\simple-rpc-framework\rpc-framework-example\src\main\resources\apache-zookeeper-3.6.2-bin\apache-zookeeper-3.6.2-bin\zookeeper-server\src\main\resources\lib\*.jar;C:\Users\86188\Documents\simple-rpc-framework\rpc-framework-example\src\main\resources\apache-zookeeper-3.6.2-bin\apache-zookeeper-3.6.2-bin\conf;.;C;C:\Program Files\Java\jdk1.8.0_251\bin;C;C:\Program Files\Java\jdk1.8.0_251\lib\dt.jar;C;C:\Program Files\Java\jdk1.8.0_251\lib\tools.jar
2020-11-08 17:09:17,161 [myid:] - INFO  [main:Environment@98] - Server environment:java.library.path=C:\Program Files (x86)\Common Files\Oracle\Java\javapath;C:\WINDOWS\Sun\Java\bin;C:\WINDOWS\system32;C:\WINDOWS;C:\Users\86188\bin;C:\Program Files\Git\mingw64\bin;C:\Program Files\Git\usr\local\bin;C:\Program Files\Git\usr\bin;C:\Program Files\Git\usr\bin;C:\Program Files\Git\mingw64\bin;C:\Program Files\Git\usr\bin;C:\Users\86188\bin;C:\Program Files (x86)\NetSarang\Xftp 6;C:\Program Files (x86)\NetSarang\Xshell 6;C:\Program Files (x86)\Common Files\Oracle\Java\javapath;C:\ProgramData\Anaconda3;C:\ProgramData\Anaconda3\Library\mingw-w64\bin;C:\ProgramData\Anaconda3\Library\usr\bin;C:\ProgramData\Anaconda3\Library\bin;C:\ProgramData\Anaconda3\Scripts;C:\Windows\system32;C:\Windows;C:\Windows\System32\Wbem;C:\Windows\System32\WindowsPowerShell\v1.0;C:\Windows\System32\OpenSSH;C:\Program Files (x86)\NVIDIA Corporation\PhysX\Common;C:\Program Files\NVIDIA Corporation\NVIDIA NvDLISR;C:\Program Files\Java\jdk1.8.0_251\bin;.;C:\Program Files\Java\jdk1.8.0_251\jre\bin";C:\GoPro\goenv\bin;C:\Program Files\Git\cmd;C:\Program Files\cmder;C:\Users\86188\Documents\apache-maven-3.6.3\bin;C:\Users\86188\Documents\mysql-5.7.31-winx64\mysql-5.7.31-winx64\bin;C:\ProgramData\Anaconda3\Library\bin\graphviz;C:\WINDOWS\system32;C:\WINDOWS;C:\WINDOWS\System32\Wbem;C:\WINDOWS\System32\WindowsPowerShell\v1.0;C:\WINDOWS\System32\OpenSSH;C:\Program Files\Docker\Docker\resources\bin;C:\ProgramData\DockerDesktop\version-bin;C:\Users\86188\AppData\Local\Microsoft\WindowsApps;C:\Users\86188\go\bin;C:\Program Files\Bandizip;C:\Users\86188\AppData\Local\Programs\Microsoft VS Code\bin;C:\Users\86188\AppData\Local\GitHubDesktop\bin;C:\texlive\2020\bin\win32;C:\Program Files\Git\usr\bin\vendor_perl;C:\Program Files\Git\usr\bin\core_perl;.
2020-11-08 17:09:17,162 [myid:] - INFO  [main:Environment@98] - Server environment:java.io.tmpdir=C:\Users\86188\AppData\Local\Temp\
2020-11-08 17:09:17,162 [myid:] - INFO  [main:Environment@98] - Server environment:java.compiler=<NA>
2020-11-08 17:09:17,162 [myid:] - INFO  [main:Environment@98] - Server environment:os.name=Windows 10
2020-11-08 17:09:17,162 [myid:] - INFO  [main:Environment@98] - Server environment:os.arch=amd64
2020-11-08 17:09:17,162 [myid:] - INFO  [main:Environment@98] - Server environment:os.version=10.0
2020-11-08 17:09:17,162 [myid:] - INFO  [main:Environment@98] - Server environment:user.name=86188
2020-11-08 17:09:17,162 [myid:] - INFO  [main:Environment@98] - Server environment:user.home=C:\Users\86188
2020-11-08 17:09:17,163 [myid:] - INFO  [main:Environment@98] - Server environment:user.dir=C:\Users\86188\Documents\simple-rpc-framework\rpc-framework-example\src\main\resources\apache-zookeeper-3.6.2-bin\apache-zookeeper-3.6.2-bin\bin
2020-11-08 17:09:17,163 [myid:] - INFO  [main:Environment@98] - Server environment:os.memory.free=226MB
2020-11-08 17:09:17,163 [myid:] - INFO  [main:Environment@98] - Server environment:os.memory.max=889MB
2020-11-08 17:09:17,163 [myid:] - INFO  [main:Environment@98] - Server environment:os.memory.total=243MB
2020-11-08 17:09:17,163 [myid:] - INFO  [main:ZooKeeperServer@129] - zookeeper.enableEagerACLCheck = false
2020-11-08 17:09:17,164 [myid:] - INFO  [main:ZooKeeperServer@137] - zookeeper.digest.enabled = true
2020-11-08 17:09:17,164 [myid:] - INFO  [main:ZooKeeperServer@141] - zookeeper.closeSessionTxn.enabled = true
2020-11-08 17:09:17,164 [myid:] - INFO  [main:ZooKeeperServer@1444] - zookeeper.flushDelay=0
2020-11-08 17:09:17,164 [myid:] - INFO  [main:ZooKeeperServer@1453] - zookeeper.maxWriteQueuePollTime=0
2020-11-08 17:09:17,164 [myid:] - INFO  [main:ZooKeeperServer@1462] - zookeeper.maxBatchSize=1000
2020-11-08 17:09:17,164 [myid:] - INFO  [main:ZooKeeperServer@243] - zookeeper.intBufferStartingSizeBytes = 1024
2020-11-08 17:09:17,165 [myid:] - INFO  [main:BlueThrottle@141] - Weighed connection throttling is disabled
2020-11-08 17:09:17,166 [myid:] - INFO  [main:ZooKeeperServer@1256] - minSessionTimeout set to 4000
2020-11-08 17:09:17,166 [myid:] - INFO  [main:ZooKeeperServer@1265] - maxSessionTimeout set to 40000
2020-11-08 17:09:17,167 [myid:] - INFO  [main:ResponseCache@45] - Response cache size is initialized with value 400.
2020-11-08 17:09:17,167 [myid:] - INFO  [main:ResponseCache@45] - Response cache size is initialized with value 400.
2020-11-08 17:09:17,168 [myid:] - INFO  [main:RequestPathMetricsCollector@111] - zookeeper.pathStats.slotCapacity = 60
2020-11-08 17:09:17,168 [myid:] - INFO  [main:RequestPathMetricsCollector@112] - zookeeper.pathStats.slotDuration = 15
2020-11-08 17:09:17,168 [myid:] - INFO  [main:RequestPathMetricsCollector@113] - zookeeper.pathStats.maxDepth = 6
2020-11-08 17:09:17,168 [myid:] - INFO  [main:RequestPathMetricsCollector@114] - zookeeper.pathStats.initialDelay = 5
2020-11-08 17:09:17,168 [myid:] - INFO  [main:RequestPathMetricsCollector@115] - zookeeper.pathStats.delay = 5
2020-11-08 17:09:17,168 [myid:] - INFO  [main:RequestPathMetricsCollector@116] - zookeeper.pathStats.enabled = false
2020-11-08 17:09:17,171 [myid:] - INFO  [main:ZooKeeperServer@1481] - The max bytes for all large requests are set to 104857600
2020-11-08 17:09:17,171 [myid:] - INFO  [main:ZooKeeperServer@1495] - The large request threshold is set to -1
2020-11-08 17:09:17,171 [myid:] - INFO  [main:ZooKeeperServer@339] - Created server with tickTime 2000 minSessionTimeout 4000 maxSessionTimeout 40000 clientPortListenBacklog -1 datadir \tmp\zookeeper\version-2 snapdir \tmp\zookeeper\version-2
2020-11-08 17:09:17,189 [myid:] - INFO  [main:Log@169] - Logging initialized @702ms to org.eclipse.jetty.util.log.Slf4jLog
2020-11-08 17:09:17,273 [myid:] - WARN  [main:ContextHandler@1520] - o.e.j.s.ServletContextHandler@1f7030a6{/,null,UNAVAILABLE} contextPath ends with /*
2020-11-08 17:09:17,273 [myid:] - WARN  [main:ContextHandler@1531] - Empty contextPath
2020-11-08 17:09:17,292 [myid:] - INFO  [main:Server@359] - jetty-9.4.24.v20191120; built: 2019-11-20T21:37:49.771Z; git: 363d5f2df3a8a28de40604320230664b9c793c16; jvm 1.8.0_261-b12
2020-11-08 17:09:17,319 [myid:] - INFO  [main:DefaultSessionIdManager@333] - DefaultSessionIdManager workerName=node0
2020-11-08 17:09:17,319 [myid:] - INFO  [main:DefaultSessionIdManager@338] - No SessionScavenger set, using defaults
2020-11-08 17:09:17,320 [myid:] - INFO  [main:HouseKeeper@140] - node0 Scavenging every 600000ms
2020-11-08 17:09:17,322 [myid:] - WARN  [main:ConstraintSecurityHandler@757] - ServletContext@o.e.j.s.ServletContextHandler@1f7030a6{/,null,STARTING} has uncovered http methods for path: /*
2020-11-08 17:09:17,327 [myid:] - INFO  [main:ContextHandler@825] - Started o.e.j.s.ServletContextHandler@1f7030a6{/,null,AVAILABLE}
2020-11-08 17:09:17,350 [myid:] - INFO  [main:AbstractConnector@330] - Started ServerConnector@544fe44c{HTTP/1.1,[http/1.1]}{0.0.0.0:8080}
2020-11-08 17:09:17,350 [myid:] - INFO  [main:Server@399] - Started @862ms
2020-11-08 17:09:17,350 [myid:] - INFO  [main:JettyAdminServer@182] - Started AdminServer on address 0.0.0.0, port 8080 and command URL /commands
2020-11-08 17:09:17,354 [myid:] - INFO  [main:ServerCnxnFactory@169] - Using org.apache.zookeeper.server.NIOServerCnxnFactory as server connection factory
2020-11-08 17:09:17,355 [myid:] - WARN  [main:ServerCnxnFactory@309] - maxCnxns is not configured, using default value 0.
2020-11-08 17:09:17,356 [myid:] - INFO  [main:NIOServerCnxnFactory@666] - Configuring NIO connection handler with 10s sessionless connection timeout, 2 selector thread(s), 24 worker threads, and 64 kB direct buffers.
2020-11-08 17:09:17,358 [myid:] - INFO  [main:NIOServerCnxnFactory@674] - binding to port 0.0.0.0/0.0.0.0:2181
2020-11-08 17:09:17,372 [myid:] - INFO  [main:WatchManagerFactory@42] - Using org.apache.zookeeper.server.watch.WatchManager as watch manager
2020-11-08 17:09:17,372 [myid:] - INFO  [main:WatchManagerFactory@42] - Using org.apache.zookeeper.server.watch.WatchManager as watch manager
2020-11-08 17:09:17,372 [myid:] - INFO  [main:ZKDatabase@132] - zookeeper.snapshotSizeFactor = 0.33
2020-11-08 17:09:17,372 [myid:] - INFO  [main:ZKDatabase@152] - zookeeper.commitLogCount=500
2020-11-08 17:09:17,375 [myid:] - INFO  [main:SnapStream@61] - zookeeper.snapshot.compression.method = CHECKED
2020-11-08 17:09:17,377 [myid:] - INFO  [main:FileSnap@85] - Reading snapshot \tmp\zookeeper\version-2\snapshot.4
2020-11-08 17:09:17,379 [myid:] - INFO  [main:DataTree@1730] - The digest in the snapshot has digest version of 2, , with zxid as 0x4, and digest value as 1371985504
2020-11-08 17:09:17,392 [myid:] - INFO  [main:FileTxnSnapLog@363] - 8 txns loaded in 8 ms
2020-11-08 17:09:17,393 [myid:] - INFO  [main:ZKDatabase@289] - Snapshot loaded in 20 ms, highest zxid is 0xc, digest is 13804312765
2020-11-08 17:09:17,393 [myid:] - INFO  [main:FileTxnSnapLog@470] - Snapshotting: 0xc to \tmp\zookeeper\version-2\snapshot.c
2020-11-08 17:09:17,395 [myid:] - INFO  [main:ZooKeeperServer@529] - Snapshot taken in 2 ms
2020-11-08 17:09:17,402 [myid:] - INFO  [ProcessThread(sid:0 cport:2181)::PrepRequestProcessor@136] - PrepRequestProcessor (sid:0) started, reconfigEnabled=false
2020-11-08 17:09:17,402 [myid:] - INFO  [main:RequestThrottler@74] - zookeeper.request_throttler.shutdownTimeout = 10000
2020-11-08 17:09:17,412 [myid:] - INFO  [main:ContainerManager@83] - Using checkIntervalMs=60000 maxPerMinute=10000 maxNeverUsedIntervalMs=0
2020-11-08 17:09:17,413 [myid:] - INFO  [main:ZKAuditProvider@42] - ZooKeeper audit is disabled.
